<?xml version="1.0" encoding="UTF-8"?>
<!-- Generated by org.testng.reporters.JUnitXMLReporter -->
<testsuite hostname="LAPTOP-SK2I11LG" ignored="0" name="Command line test" tests="1" failures="0" timestamp="11 Jun 2022 21:27:00 GMT" time="4.384" errors="0">
  <testcase name="@BeforeClass init" time="4.341" classname="com.AAflightBooking.Utils.TestBase">
    <failure type="org.openqa.selenium.SessionNotCreatedException" message="session not created: This version of ChromeDriver only supports Chrome version 100
Current browser version is 102.0.5005.63 with binary path C:\Program Files (x86)\Google\Chrome\Application\chrome.exe
Build info: version: &amp;apos;3.141.59&amp;apos;, revision: &amp;apos;e82be7d358&amp;apos;, time: &amp;apos;2018-11-14T08:17:03&amp;apos;
System info: host: &amp;apos;LAPTOP-SK2I11LG&amp;apos;, ip: &amp;apos;192.168.126.1&amp;apos;, os.name: &amp;apos;Windows 10&amp;apos;, os.arch: &amp;apos;amd64&amp;apos;, os.version: &amp;apos;10.0&amp;apos;, java.version: &amp;apos;1.8.0_202&amp;apos;
Driver info: driver.version: ChromeDriver
remote stacktrace: Backtrace:
	Ordinal0 [0x00357413+2389011]
	Ordinal0 [0x002E9F61+1941345]
	Ordinal0 [0x001DC658+837208]
	Ordinal0 [0x001FC773+968563]
	Ordinal0 [0x001F837A+951162]
	Ordinal0 [0x001F5C51+941137]
	Ordinal0 [0x00228C80+1150080]
	Ordinal0 [0x002288DA+1149146]
	Ordinal0 [0x00223F66+1130342]
	Ordinal0 [0x001FE546+976198]
	Ordinal0 [0x001FF456+980054]
	GetHandleVerifier [0x00509632+1727522]
	GetHandleVerifier [0x005BBA4D+2457661]
	GetHandleVerifier [0x003EEB81+569713]
	GetHandleVerifier [0x003EDD76+566118]
	Ordinal0 [0x002F0B2B+1968939]
	Ordinal0 [0x002F5988+1989000]
	Ordinal0 [0x002F5A75+1989237]
	Ordinal0 [0x002FECB1+2026673]
	BaseThreadInitThunk [0x7634FA29+25]
	RtlGetAppContainerNamedObjectPath [0x77217A7E+286]
	RtlGetAppContainerNamedObjectPath [0x77217A4E+238]
">
      <![CDATA[org.openqa.selenium.SessionNotCreatedException: session not created: This version of ChromeDriver only supports Chrome version 100
Current browser version is 102.0.5005.63 with binary path C:\Program Files (x86)\Google\Chrome\Application\chrome.exe
Build info: version: '3.141.59', revision: 'e82be7d358', time: '2018-11-14T08:17:03'
System info: host: 'LAPTOP-SK2I11LG', ip: '192.168.126.1', os.name: 'Windows 10', os.arch: 'amd64', os.version: '10.0', java.version: '1.8.0_202'
Driver info: driver.version: ChromeDriver
remote stacktrace: Backtrace:
Ordinal0 [0x00357413+2389011]
Ordinal0 [0x002E9F61+1941345]
Ordinal0 [0x001DC658+837208]
Ordinal0 [0x001FC773+968563]
Ordinal0 [0x001F837A+951162]
Ordinal0 [0x001F5C51+941137]
Ordinal0 [0x00228C80+1150080]
Ordinal0 [0x002288DA+1149146]
Ordinal0 [0x00223F66+1130342]
Ordinal0 [0x001FE546+976198]
Ordinal0 [0x001FF456+980054]
GetHandleVerifier [0x00509632+1727522]
GetHandleVerifier [0x005BBA4D+2457661]
GetHandleVerifier [0x003EEB81+569713]
GetHandleVerifier [0x003EDD76+566118]
Ordinal0 [0x002F0B2B+1968939]
Ordinal0 [0x002F5988+1989000]
Ordinal0 [0x002F5A75+1989237]
Ordinal0 [0x002FECB1+2026673]
BaseThreadInitThunk [0x7634FA29+25]
RtlGetAppContainerNamedObjectPath [0x77217A7E+286]
RtlGetAppContainerNamedObjectPath [0x77217A4E+238]

at org.openqa.selenium.remote.W3CHandshakeResponse.lambda$errorHandler$0(W3CHandshakeResponse.java:62)
at org.openqa.selenium.remote.HandshakeResponse.lambda$getResponseFunction$0(HandshakeResponse.java:30)
at org.openqa.selenium.remote.ProtocolHandshake.lambda$createSession$0(ProtocolHandshake.java:126)
at java.util.stream.ReferencePipeline$3$1.accept(ReferencePipeline.java:193)
at java.util.Spliterators$ArraySpliterator.tryAdvance(Spliterators.java:958)
at java.util.stream.ReferencePipeline.forEachWithCancel(ReferencePipeline.java:126)
at java.util.stream.AbstractPipeline.copyIntoWithCancel(AbstractPipeline.java:498)
at java.util.stream.AbstractPipeline.copyInto(AbstractPipeline.java:485)
at java.util.stream.AbstractPipeline.wrapAndCopyInto(AbstractPipeline.java:471)
at java.util.stream.FindOps$FindOp.evaluateSequential(FindOps.java:152)
at java.util.stream.AbstractPipeline.evaluate(AbstractPipeline.java:234)
at java.util.stream.ReferencePipeline.findFirst(ReferencePipeline.java:464)
at org.openqa.selenium.remote.ProtocolHandshake.createSession(ProtocolHandshake.java:128)
at org.openqa.selenium.remote.ProtocolHandshake.createSession(ProtocolHandshake.java:74)
at org.openqa.selenium.remote.HttpCommandExecutor.execute(HttpCommandExecutor.java:136)
at org.openqa.selenium.remote.service.DriverCommandExecutor.execute(DriverCommandExecutor.java:83)
at org.openqa.selenium.remote.RemoteWebDriver.execute(RemoteWebDriver.java:552)
at org.openqa.selenium.remote.RemoteWebDriver.startSession(RemoteWebDriver.java:213)
at org.openqa.selenium.remote.RemoteWebDriver.<init>(RemoteWebDriver.java:131)
at org.openqa.selenium.chrome.ChromeDriver.<init>(ChromeDriver.java:181)
at org.openqa.selenium.chrome.ChromeDriver.<init>(ChromeDriver.java:168)
at org.openqa.selenium.chrome.ChromeDriver.<init>(ChromeDriver.java:123)
at com.AAflightBooking.Utils.TestBase.init(TestBase.java:17)
... Removed 40 stack frames]]>
    </failure>
  </testcase> <!-- @BeforeClass init -->
  <testcase name="clickLoginButton" time="0.0" classname="com.AAflightBooking.TestCases.LoginTest">
    <skipped/>
  </testcase> <!-- clickLoginButton -->
</testsuite> <!-- Command line test -->
